2024-09-15 19:11:26,733 [Worker-0: Loading available Gradle versions] INFO  o.e.b.c.i.u.g.PublishedGradleVersions - Gradle version information cache is out-of-date. Trying to update.
2024-09-16 11:42:08,423 [ModalContext] INFO  o.e.m.c.i.e.AbstractTransferListenerAdapter - Downloading https://repo.maven.apache.org/maven2/org/apache/maven/archetypes/maven-archetype-quickstart/1.5/maven-archetype-quickstart-1.5.pom
2024-09-16 11:42:08,823 [ModalContext] INFO  o.e.m.c.i.e.AbstractTransferListenerAdapter - Downloaded https://repo.maven.apache.org/maven2/org/apache/maven/archetypes/maven-archetype-quickstart/1.5/maven-archetype-quickstart-1.5.pom
2024-09-16 11:42:08,930 [ModalContext] INFO  o.e.m.c.i.e.AbstractTransferListenerAdapter - Downloading https://repo.maven.apache.org/maven2/org/apache/maven/archetypes/maven-archetype-bundles/1.5/maven-archetype-bundles-1.5.pom
2024-09-16 11:42:08,982 [ModalContext] INFO  o.e.m.c.i.e.AbstractTransferListenerAdapter - Downloaded https://repo.maven.apache.org/maven2/org/apache/maven/archetypes/maven-archetype-bundles/1.5/maven-archetype-bundles-1.5.pom
2024-09-16 11:42:09,330 [ModalContext] INFO  o.e.m.c.i.e.AbstractTransferListenerAdapter - Downloading https://repo.maven.apache.org/maven2/org/apache/maven/archetypes/maven-archetype-quickstart/1.5/maven-archetype-quickstart-1.5.jar
2024-09-16 11:42:09,478 [ModalContext] INFO  o.e.m.c.i.e.AbstractTransferListenerAdapter - Downloaded https://repo.maven.apache.org/maven2/org/apache/maven/archetypes/maven-archetype-quickstart/1.5/maven-archetype-quickstart-1.5.jar
2024-09-16 11:43:03,498 [Worker-24: Launching mavenrun-c2945a1b-a656-4207-9e6c-f24335b63910] INFO  o.eclipse.m2e.core.internal.Bundles - getClasspathEntries(Bundle=org.eclipse.m2e.maven.runtime_3.8.701.20230209-1606 [274])
2024-09-16 11:43:03,561 [Worker-24: Launching mavenrun-c2945a1b-a656-4207-9e6c-f24335b63910] INFO  o.eclipse.m2e.core.internal.Bundles - 	Entry: C:\Users\intel\Documents\eclipse-java-2023-03-R-win32-x86_64\eclipse\plugins\org.eclipse.m2e.maven.runtime_3.8.701.20230209-1606
2024-09-16 11:43:03,561 [Worker-24: Launching mavenrun-c2945a1b-a656-4207-9e6c-f24335b63910] INFO  o.eclipse.m2e.core.internal.Bundles - 	Entry: C:\Users\intel\Documents\eclipse-java-2023-03-R-win32-x86_64\eclipse\plugins\org.eclipse.m2e.maven.runtime_3.8.701.20230209-1606\jars\aether-connector-okhttp-0.17.8.jar
2024-09-16 11:43:03,561 [Worker-24: Launching mavenrun-c2945a1b-a656-4207-9e6c-f24335b63910] INFO  o.eclipse.m2e.core.internal.Bundles - 	Entry: C:\Users\intel\Documents\eclipse-java-2023-03-R-win32-x86_64\eclipse\plugins\org.eclipse.m2e.maven.runtime_3.8.701.20230209-1606\jars\commons-lang3-3.8.1.jar
2024-09-16 11:43:03,562 [Worker-24: Launching mavenrun-c2945a1b-a656-4207-9e6c-f24335b63910] INFO  o.eclipse.m2e.core.internal.Bundles - 	Entry: C:\Users\intel\Documents\eclipse-java-2023-03-R-win32-x86_64\eclipse\plugins\org.eclipse.m2e.maven.runtime_3.8.701.20230209-1606\jars\guice-4.2.2-no_aop.jar
2024-09-16 11:43:03,562 [Worker-24: Launching mavenrun-c2945a1b-a656-4207-9e6c-f24335b63910] INFO  o.eclipse.m2e.core.internal.Bundles - 	Entry: C:\Users\intel\Documents\eclipse-java-2023-03-R-win32-x86_64\eclipse\plugins\org.eclipse.m2e.maven.runtime_3.8.701.20230209-1606\jars\jansi-2.4.0.jar
2024-09-16 11:43:03,562 [Worker-24: Launching mavenrun-c2945a1b-a656-4207-9e6c-f24335b63910] INFO  o.eclipse.m2e.core.internal.Bundles - 	Entry: C:\Users\intel\Documents\eclipse-java-2023-03-R-win32-x86_64\eclipse\plugins\org.eclipse.m2e.maven.runtime_3.8.701.20230209-1606\jars\maven-artifact-3.8.7.jar
2024-09-16 11:43:03,562 [Worker-24: Launching mavenrun-c2945a1b-a656-4207-9e6c-f24335b63910] INFO  o.eclipse.m2e.core.internal.Bundles - 	Entry: C:\Users\intel\Documents\eclipse-java-2023-03-R-win32-x86_64\eclipse\plugins\org.eclipse.m2e.maven.runtime_3.8.701.20230209-1606\jars\maven-builder-support-3.8.7.jar
2024-09-16 11:43:03,562 [Worker-24: Launching mavenrun-c2945a1b-a656-4207-9e6c-f24335b63910] INFO  o.eclipse.m2e.core.internal.Bundles - 	Entry: C:\Users\intel\Documents\eclipse-java-2023-03-R-win32-x86_64\eclipse\plugins\org.eclipse.m2e.maven.runtime_3.8.701.20230209-1606\jars\maven-compat-3.8.7.jar
2024-09-16 11:43:03,562 [Worker-24: Launching mavenrun-c2945a1b-a656-4207-9e6c-f24335b63910] INFO  o.eclipse.m2e.core.internal.Bundles - 	Entry: C:\Users\intel\Documents\eclipse-java-2023-03-R-win32-x86_64\eclipse\plugins\org.eclipse.m2e.maven.runtime_3.8.701.20230209-1606\jars\maven-core-3.8.7.jar
2024-09-16 11:43:03,562 [Worker-24: Launching mavenrun-c2945a1b-a656-4207-9e6c-f24335b63910] INFO  o.eclipse.m2e.core.internal.Bundles - 	Entry: C:\Users\intel\Documents\eclipse-java-2023-03-R-win32-x86_64\eclipse\plugins\org.eclipse.m2e.maven.runtime_3.8.701.20230209-1606\jars\maven-embedder-3.8.7.jar
2024-09-16 11:43:03,562 [Worker-24: Launching mavenrun-c2945a1b-a656-4207-9e6c-f24335b63910] INFO  o.eclipse.m2e.core.internal.Bundles - 	Entry: C:\Users\intel\Documents\eclipse-java-2023-03-R-win32-x86_64\eclipse\plugins\org.eclipse.m2e.maven.runtime_3.8.701.20230209-1606\jars\maven-model-3.8.7.jar
2024-09-16 11:43:03,563 [Worker-24: Launching mavenrun-c2945a1b-a656-4207-9e6c-f24335b63910] INFO  o.eclipse.m2e.core.internal.Bundles - 	Entry: C:\Users\intel\Documents\eclipse-java-2023-03-R-win32-x86_64\eclipse\plugins\org.eclipse.m2e.maven.runtime_3.8.701.20230209-1606\jars\maven-model-builder-3.8.7.jar
2024-09-16 11:43:03,563 [Worker-24: Launching mavenrun-c2945a1b-a656-4207-9e6c-f24335b63910] INFO  o.eclipse.m2e.core.internal.Bundles - 	Entry: C:\Users\intel\Documents\eclipse-java-2023-03-R-win32-x86_64\eclipse\plugins\org.eclipse.m2e.maven.runtime_3.8.701.20230209-1606\jars\maven-plugin-api-3.8.7.jar
2024-09-16 11:43:03,563 [Worker-24: Launching mavenrun-c2945a1b-a656-4207-9e6c-f24335b63910] INFO  o.eclipse.m2e.core.internal.Bundles - 	Entry: C:\Users\intel\Documents\eclipse-java-2023-03-R-win32-x86_64\eclipse\plugins\org.eclipse.m2e.maven.runtime_3.8.701.20230209-1606\jars\maven-repository-metadata-3.8.7.jar
2024-09-16 11:43:03,563 [Worker-24: Launching mavenrun-c2945a1b-a656-4207-9e6c-f24335b63910] INFO  o.eclipse.m2e.core.internal.Bundles - 	Entry: C:\Users\intel\Documents\eclipse-java-2023-03-R-win32-x86_64\eclipse\plugins\org.eclipse.m2e.maven.runtime_3.8.701.20230209-1606\jars\maven-resolver-api-1.6.3.jar
2024-09-16 11:43:03,563 [Worker-24: Launching mavenrun-c2945a1b-a656-4207-9e6c-f24335b63910] INFO  o.eclipse.m2e.core.internal.Bundles - 	Entry: C:\Users\intel\Documents\eclipse-java-2023-03-R-win32-x86_64\eclipse\plugins\org.eclipse.m2e.maven.runtime_3.8.701.20230209-1606\jars\maven-resolver-connector-basic-1.6.3.jar
2024-09-16 11:43:03,563 [Worker-24: Launching mavenrun-c2945a1b-a656-4207-9e6c-f24335b63910] INFO  o.eclipse.m2e.core.internal.Bundles - 	Entry: C:\Users\intel\Documents\eclipse-java-2023-03-R-win32-x86_64\eclipse\plugins\org.eclipse.m2e.maven.runtime_3.8.701.20230209-1606\jars\maven-resolver-impl-1.6.3.jar
2024-09-16 11:43:03,563 [Worker-24: Launching mavenrun-c2945a1b-a656-4207-9e6c-f24335b63910] INFO  o.eclipse.m2e.core.internal.Bundles - 	Entry: C:\Users\intel\Documents\eclipse-java-2023-03-R-win32-x86_64\eclipse\plugins\org.eclipse.m2e.maven.runtime_3.8.701.20230209-1606\jars\maven-resolver-provider-3.8.7.jar
2024-09-16 11:43:03,563 [Worker-24: Launching mavenrun-c2945a1b-a656-4207-9e6c-f24335b63910] INFO  o.eclipse.m2e.core.internal.Bundles - 	Entry: C:\Users\intel\Documents\eclipse-java-2023-03-R-win32-x86_64\eclipse\plugins\org.eclipse.m2e.maven.runtime_3.8.701.20230209-1606\jars\maven-resolver-spi-1.6.3.jar
2024-09-16 11:43:03,563 [Worker-24: Launching mavenrun-c2945a1b-a656-4207-9e6c-f24335b63910] INFO  o.eclipse.m2e.core.internal.Bundles - 	Entry: C:\Users\intel\Documents\eclipse-java-2023-03-R-win32-x86_64\eclipse\plugins\org.eclipse.m2e.maven.runtime_3.8.701.20230209-1606\jars\maven-resolver-transport-wagon-1.6.3.jar
2024-09-16 11:43:03,564 [Worker-24: Launching mavenrun-c2945a1b-a656-4207-9e6c-f24335b63910] INFO  o.eclipse.m2e.core.internal.Bundles - 	Entry: C:\Users\intel\Documents\eclipse-java-2023-03-R-win32-x86_64\eclipse\plugins\org.eclipse.m2e.maven.runtime_3.8.701.20230209-1606\jars\maven-resolver-util-1.6.3.jar
2024-09-16 11:43:03,564 [Worker-24: Launching mavenrun-c2945a1b-a656-4207-9e6c-f24335b63910] INFO  o.eclipse.m2e.core.internal.Bundles - 	Entry: C:\Users\intel\Documents\eclipse-java-2023-03-R-win32-x86_64\eclipse\plugins\org.eclipse.m2e.maven.runtime_3.8.701.20230209-1606\jars\maven-settings-3.8.7.jar
2024-09-16 11:43:03,564 [Worker-24: Launching mavenrun-c2945a1b-a656-4207-9e6c-f24335b63910] INFO  o.eclipse.m2e.core.internal.Bundles - 	Entry: C:\Users\intel\Documents\eclipse-java-2023-03-R-win32-x86_64\eclipse\plugins\org.eclipse.m2e.maven.runtime_3.8.701.20230209-1606\jars\maven-settings-builder-3.8.7.jar
2024-09-16 11:43:03,564 [Worker-24: Launching mavenrun-c2945a1b-a656-4207-9e6c-f24335b63910] INFO  o.eclipse.m2e.core.internal.Bundles - 	Entry: C:\Users\intel\Documents\eclipse-java-2023-03-R-win32-x86_64\eclipse\plugins\org.eclipse.m2e.maven.runtime_3.8.701.20230209-1606\jars\maven-shared-utils-3.3.4.jar
2024-09-16 11:43:03,564 [Worker-24: Launching mavenrun-c2945a1b-a656-4207-9e6c-f24335b63910] INFO  o.eclipse.m2e.core.internal.Bundles - 	Entry: C:\Users\intel\Documents\eclipse-java-2023-03-R-win32-x86_64\eclipse\plugins\org.eclipse.m2e.maven.runtime_3.8.701.20230209-1606\jars\okhttp-3.14.1.jar
2024-09-16 11:43:03,564 [Worker-24: Launching mavenrun-c2945a1b-a656-4207-9e6c-f24335b63910] INFO  o.eclipse.m2e.core.internal.Bundles - 	Entry: C:\Users\intel\Documents\eclipse-java-2023-03-R-win32-x86_64\eclipse\plugins\org.eclipse.m2e.maven.runtime_3.8.701.20230209-1606\jars\okio-1.17.3.jar
2024-09-16 11:43:03,565 [Worker-24: Launching mavenrun-c2945a1b-a656-4207-9e6c-f24335b63910] INFO  o.eclipse.m2e.core.internal.Bundles - 	Entry: C:\Users\intel\Documents\eclipse-java-2023-03-R-win32-x86_64\eclipse\plugins\org.eclipse.m2e.maven.runtime_3.8.701.20230209-1606\jars\org.eclipse.sisu.inject-0.3.5.jar
2024-09-16 11:43:03,565 [Worker-24: Launching mavenrun-c2945a1b-a656-4207-9e6c-f24335b63910] INFO  o.eclipse.m2e.core.internal.Bundles - 	Entry: C:\Users\intel\Documents\eclipse-java-2023-03-R-win32-x86_64\eclipse\plugins\org.eclipse.m2e.maven.runtime_3.8.701.20230209-1606\jars\org.eclipse.sisu.plexus-0.3.5.jar
2024-09-16 11:43:03,565 [Worker-24: Launching mavenrun-c2945a1b-a656-4207-9e6c-f24335b63910] INFO  o.eclipse.m2e.core.internal.Bundles - 	Entry: C:\Users\intel\Documents\eclipse-java-2023-03-R-win32-x86_64\eclipse\plugins\org.eclipse.m2e.maven.runtime_3.8.701.20230209-1606\jars\plexus-build-api-0.0.7.jar
2024-09-16 11:43:03,565 [Worker-24: Launching mavenrun-c2945a1b-a656-4207-9e6c-f24335b63910] INFO  o.eclipse.m2e.core.internal.Bundles - 	Entry: C:\Users\intel\Documents\eclipse-java-2023-03-R-win32-x86_64\eclipse\plugins\org.eclipse.m2e.maven.runtime_3.8.701.20230209-1606\jars\plexus-cipher-2.0.jar
2024-09-16 11:43:03,565 [Worker-24: Launching mavenrun-c2945a1b-a656-4207-9e6c-f24335b63910] INFO  o.eclipse.m2e.core.internal.Bundles - 	Entry: C:\Users\intel\Documents\eclipse-java-2023-03-R-win32-x86_64\eclipse\plugins\org.eclipse.m2e.maven.runtime_3.8.701.20230209-1606\jars\plexus-classworlds-2.6.0.jar
2024-09-16 11:43:03,565 [Worker-24: Launching mavenrun-c2945a1b-a656-4207-9e6c-f24335b63910] INFO  o.eclipse.m2e.core.internal.Bundles - 	Entry: C:\Users\intel\Documents\eclipse-java-2023-03-R-win32-x86_64\eclipse\plugins\org.eclipse.m2e.maven.runtime_3.8.701.20230209-1606\jars\plexus-component-annotations-2.1.0.jar
2024-09-16 11:43:03,566 [Worker-24: Launching mavenrun-c2945a1b-a656-4207-9e6c-f24335b63910] INFO  o.eclipse.m2e.core.internal.Bundles - 	Entry: C:\Users\intel\Documents\eclipse-java-2023-03-R-win32-x86_64\eclipse\plugins\org.eclipse.m2e.maven.runtime_3.8.701.20230209-1606\jars\plexus-interpolation-1.26.jar
2024-09-16 11:43:03,566 [Worker-24: Launching mavenrun-c2945a1b-a656-4207-9e6c-f24335b63910] INFO  o.eclipse.m2e.core.internal.Bundles - 	Entry: C:\Users\intel\Documents\eclipse-java-2023-03-R-win32-x86_64\eclipse\plugins\org.eclipse.m2e.maven.runtime_3.8.701.20230209-1606\jars\plexus-sec-dispatcher-2.0.jar
2024-09-16 11:43:03,566 [Worker-24: Launching mavenrun-c2945a1b-a656-4207-9e6c-f24335b63910] INFO  o.eclipse.m2e.core.internal.Bundles - 	Entry: C:\Users\intel\Documents\eclipse-java-2023-03-R-win32-x86_64\eclipse\plugins\org.eclipse.m2e.maven.runtime_3.8.701.20230209-1606\jars\plexus-utils-3.3.1.jar
2024-09-16 11:43:03,566 [Worker-24: Launching mavenrun-c2945a1b-a656-4207-9e6c-f24335b63910] INFO  o.eclipse.m2e.core.internal.Bundles - 	Entry: C:\Users\intel\Documents\eclipse-java-2023-03-R-win32-x86_64\eclipse\plugins\org.eclipse.m2e.maven.runtime_3.8.701.20230209-1606\jars\wagon-file-3.5.3.jar
2024-09-16 11:43:03,566 [Worker-24: Launching mavenrun-c2945a1b-a656-4207-9e6c-f24335b63910] INFO  o.eclipse.m2e.core.internal.Bundles - 	Entry: C:\Users\intel\Documents\eclipse-java-2023-03-R-win32-x86_64\eclipse\plugins\org.eclipse.m2e.maven.runtime_3.8.701.20230209-1606\jars\wagon-provider-api-3.5.3.jar
2024-09-16 11:43:03,568 [Worker-24: Launching mavenrun-c2945a1b-a656-4207-9e6c-f24335b63910] INFO  o.eclipse.m2e.core.internal.Bundles - getClasspathEntries(Bundle=com.google.guava_31.1.0.jre [9])
2024-09-16 11:43:03,569 [Worker-24: Launching mavenrun-c2945a1b-a656-4207-9e6c-f24335b63910] INFO  o.eclipse.m2e.core.internal.Bundles - 	Entry: C:\Users\intel\Documents\eclipse-java-2023-03-R-win32-x86_64\eclipse\plugins\com.google.guava_31.1.0.jre.jar
2024-09-16 11:43:03,569 [Worker-24: Launching mavenrun-c2945a1b-a656-4207-9e6c-f24335b63910] INFO  o.eclipse.m2e.core.internal.Bundles - getClasspathEntries(Bundle=slf4j.api_1.7.36 [442])
2024-09-16 11:43:03,877 [Worker-24: Launching mavenrun-c2945a1b-a656-4207-9e6c-f24335b63910] INFO  o.eclipse.m2e.core.internal.Bundles - 	Entry: C:\Users\intel\Documents\eclipse-java-2023-03-R-win32-x86_64\eclipse\plugins\slf4j.api_1.7.36.jar
2024-09-16 11:43:03,877 [Worker-24: Launching mavenrun-c2945a1b-a656-4207-9e6c-f24335b63910] INFO  o.eclipse.m2e.core.internal.Bundles - getClasspathEntries(Bundle=javax.inject_1.0.0.v20220405-0441 [21])
2024-09-16 11:43:04,091 [Worker-24: Launching mavenrun-c2945a1b-a656-4207-9e6c-f24335b63910] INFO  o.eclipse.m2e.core.internal.Bundles - 	Entry: C:\Users\intel\Documents\eclipse-java-2023-03-R-win32-x86_64\eclipse\plugins\javax.inject_1.0.0.v20220405-0441.jar
2024-09-16 11:43:04,091 [Worker-24: Launching mavenrun-c2945a1b-a656-4207-9e6c-f24335b63910] INFO  o.eclipse.m2e.core.internal.Bundles - getClasspathEntries(Bundle=javax.annotation_1.3.5.v20221203-1659 [19])
2024-09-16 11:43:04,399 [Worker-24: Launching mavenrun-c2945a1b-a656-4207-9e6c-f24335b63910] INFO  o.eclipse.m2e.core.internal.Bundles - 	Entry: C:\Users\intel\Documents\eclipse-java-2023-03-R-win32-x86_64\eclipse\plugins\javax.annotation_1.3.5.v20221203-1659.jar
2024-09-16 11:43:04,399 [Worker-24: Launching mavenrun-c2945a1b-a656-4207-9e6c-f24335b63910] INFO  o.eclipse.m2e.core.internal.Bundles - getClasspathEntries(Bundle=org.apache.commons.cli_1.4.0.v20221112-0806 [41])
2024-09-16 11:43:04,401 [Worker-24: Launching mavenrun-c2945a1b-a656-4207-9e6c-f24335b63910] INFO  o.eclipse.m2e.core.internal.Bundles - 	Entry: C:\Users\intel\Documents\eclipse-java-2023-03-R-win32-x86_64\eclipse\plugins\org.apache.commons.cli_1.4.0.v20221112-0806.jar
2024-09-16 11:43:04,401 [Worker-24: Launching mavenrun-c2945a1b-a656-4207-9e6c-f24335b63910] INFO  o.eclipse.m2e.core.internal.Bundles - getClasspathEntries(Bundle=com.google.guava.failureaccess_1.0.1 [11])
2024-09-16 11:43:04,543 [Worker-24: Launching mavenrun-c2945a1b-a656-4207-9e6c-f24335b63910] INFO  o.eclipse.m2e.core.internal.Bundles - 	Entry: C:\Users\intel\Documents\eclipse-java-2023-03-R-win32-x86_64\eclipse\plugins\com.google.guava.failureaccess_1.0.1.jar
2024-09-16 11:43:04,809 [Worker-24: Launching mavenrun-c2945a1b-a656-4207-9e6c-f24335b63910] INFO  o.e.m.i.launch.MavenLaunchDelegate - Run build in "C:\Users\intel\AppData\Local\Temp\m2e-archetypeGenerator6207225666218532687":
2024-09-16 11:43:04,836 [Worker-24: Launching mavenrun-c2945a1b-a656-4207-9e6c-f24335b63910] INFO  o.e.m.i.launch.MavenLaunchDelegate -  mvn  -DjavaCompilerVersion=17 -DjunitVersion=5.11.0 -DarchetypeGroupId=org.apache.maven.archetypes -DarchetypeArtifactId=maven-archetype-quickstart -DarchetypeVersion=1.5 -DgroupId=rahulshettyacademy -DartifactId=SeleniumFrameworkDesign -Dversion=0.0.1-SNAPSHOT -Dpackage=rahulshettyacademy -DoutputDirectory=C:\Users\intel\eclipse-workspace3\TestNGTutorial -Dstyle.color=always -U archetype:generate
2024-09-16 11:43:20,843 [Worker-25: Loading available Gradle versions] INFO  o.e.b.c.i.u.g.PublishedGradleVersions - Gradle version information cache is up-to-date. Trying to read.
2024-09-16 11:43:45,737 [Worker-21: Creating maven-archetype-quickstart] INFO  o.e.m.c.i.p.ProjectConfigurationManager - Collecting project info '/pom.xml' C:\Users\intel\eclipse-workspace3\TestNGTutorial\SeleniumFrameworkDesign\pom.xml
2024-09-16 11:43:46,466 [Worker-21: Creating maven-archetype-quickstart] INFO  o.e.m.c.i.e.AbstractTransferListenerAdapter - Downloading https://repo.maven.apache.org/maven2/org/junit/junit-bom/5.11.0/junit-bom-5.11.0.pom
2024-09-16 11:43:46,577 [Worker-21: Creating maven-archetype-quickstart] INFO  o.e.m.c.i.e.AbstractTransferListenerAdapter - Downloaded https://repo.maven.apache.org/maven2/org/junit/junit-bom/5.11.0/junit-bom-5.11.0.pom
2024-09-16 11:43:48,787 [Worker-21: Creating maven-archetype-quickstart] INFO  o.e.m.c.i.e.AbstractTransferListenerAdapter - Downloading https://repo.maven.apache.org/maven2/org/apache/maven/plugins/maven-clean-plugin/3.4.0/maven-clean-plugin-3.4.0.jar
2024-09-16 11:43:49,271 [Worker-21: Creating maven-archetype-quickstart] INFO  o.e.m.c.i.e.AbstractTransferListenerAdapter - Downloaded https://repo.maven.apache.org/maven2/org/apache/maven/plugins/maven-clean-plugin/3.4.0/maven-clean-plugin-3.4.0.jar
2024-09-16 11:43:49,961 [Worker-21: Creating maven-archetype-quickstart] INFO  o.e.m.c.i.e.AbstractTransferListenerAdapter - Downloading https://repo.maven.apache.org/maven2/org/apache/maven/plugins/maven-surefire-plugin/3.3.0/maven-surefire-plugin-3.3.0.jar
2024-09-16 11:43:50,201 [Worker-21: Creating maven-archetype-quickstart] INFO  o.e.m.c.i.e.AbstractTransferListenerAdapter - Downloaded https://repo.maven.apache.org/maven2/org/apache/maven/plugins/maven-surefire-plugin/3.3.0/maven-surefire-plugin-3.3.0.jar
2024-09-16 11:43:50,334 [Worker-21: Creating maven-archetype-quickstart] INFO  o.e.m.c.i.e.AbstractTransferListenerAdapter - Downloading https://repo.maven.apache.org/maven2/org/apache/maven/plugins/maven-jar-plugin/3.4.2/maven-jar-plugin-3.4.2.jar
2024-09-16 11:43:50,604 [Worker-21: Creating maven-archetype-quickstart] INFO  o.e.m.c.i.e.AbstractTransferListenerAdapter - Downloaded https://repo.maven.apache.org/maven2/org/apache/maven/plugins/maven-jar-plugin/3.4.2/maven-jar-plugin-3.4.2.jar
2024-09-16 11:43:50,785 [Worker-21: Creating maven-archetype-quickstart] INFO  o.e.m.c.i.e.AbstractTransferListenerAdapter - Downloading https://repo.maven.apache.org/maven2/org/apache/maven/plugins/maven-install-plugin/3.1.2/maven-install-plugin-3.1.2.jar
2024-09-16 11:43:50,944 [Worker-21: Creating maven-archetype-quickstart] INFO  o.e.m.c.i.e.AbstractTransferListenerAdapter - Downloaded https://repo.maven.apache.org/maven2/org/apache/maven/plugins/maven-install-plugin/3.1.2/maven-install-plugin-3.1.2.jar
2024-09-16 11:43:51,046 [Worker-21: Creating maven-archetype-quickstart] INFO  o.e.m.c.i.e.AbstractTransferListenerAdapter - Downloading https://repo.maven.apache.org/maven2/org/apache/maven/plugins/maven-deploy-plugin/3.1.2/maven-deploy-plugin-3.1.2.jar
2024-09-16 11:43:51,242 [Worker-21: Creating maven-archetype-quickstart] INFO  o.e.m.c.i.e.AbstractTransferListenerAdapter - Downloaded https://repo.maven.apache.org/maven2/org/apache/maven/plugins/maven-deploy-plugin/3.1.2/maven-deploy-plugin-3.1.2.jar
2024-09-16 11:43:54,986 [Worker-21: Creating maven-archetype-quickstart] INFO  o.e.m.c.i.l.LifecycleMappingFactory - Using org.eclipse.m2e.jdt.JarLifecycleMapping lifecycle mapping for MavenProject: rahulshettyacademy:SeleniumFrameworkDesign:0.0.1-SNAPSHOT @ C:\Users\intel\eclipse-workspace3\TestNGTutorial\SeleniumFrameworkDesign\pom.xml.
2024-09-16 11:43:55,016 [Worker-21: Creating maven-archetype-quickstart] INFO  o.e.m.c.i.e.AbstractTransferListenerAdapter - Downloading https://repo.maven.apache.org/maven2/org/junit/jupiter/junit-jupiter-api/5.11.0/junit-jupiter-api-5.11.0.pom
2024-09-16 11:43:55,065 [Worker-21: Creating maven-archetype-quickstart] INFO  o.e.m.c.i.e.AbstractTransferListenerAdapter - Downloaded https://repo.maven.apache.org/maven2/org/junit/jupiter/junit-jupiter-api/5.11.0/junit-jupiter-api-5.11.0.pom
2024-09-16 11:43:55,089 [Worker-21: Creating maven-archetype-quickstart] INFO  o.e.m.c.i.e.AbstractTransferListenerAdapter - Downloading https://repo.maven.apache.org/maven2/org/opentest4j/opentest4j/1.3.0/opentest4j-1.3.0.pom
2024-09-16 11:43:55,141 [Worker-21: Creating maven-archetype-quickstart] INFO  o.e.m.c.i.e.AbstractTransferListenerAdapter - Downloaded https://repo.maven.apache.org/maven2/org/opentest4j/opentest4j/1.3.0/opentest4j-1.3.0.pom
2024-09-16 11:43:55,163 [Worker-21: Creating maven-archetype-quickstart] INFO  o.e.m.c.i.e.AbstractTransferListenerAdapter - Downloading https://repo.maven.apache.org/maven2/org/junit/platform/junit-platform-commons/1.11.0/junit-platform-commons-1.11.0.pom
2024-09-16 11:43:55,205 [Worker-21: Creating maven-archetype-quickstart] INFO  o.e.m.c.i.e.AbstractTransferListenerAdapter - Downloaded https://repo.maven.apache.org/maven2/org/junit/platform/junit-platform-commons/1.11.0/junit-platform-commons-1.11.0.pom
2024-09-16 11:43:55,292 [Worker-21: Creating maven-archetype-quickstart] INFO  o.e.m.c.i.e.AbstractTransferListenerAdapter - Downloading https://repo.maven.apache.org/maven2/org/junit/jupiter/junit-jupiter-params/5.11.0/junit-jupiter-params-5.11.0.pom
2024-09-16 11:43:55,359 [Worker-21: Creating maven-archetype-quickstart] INFO  o.e.m.c.i.e.AbstractTransferListenerAdapter - Downloaded https://repo.maven.apache.org/maven2/org/junit/jupiter/junit-jupiter-params/5.11.0/junit-jupiter-params-5.11.0.pom
2024-09-16 11:43:55,410 [AetherRepositoryConnector-repo.maven.apache.org-0-0] INFO  o.e.m.c.i.e.AbstractTransferListenerAdapter - Downloading https://repo.maven.apache.org/maven2/org/junit/jupiter/junit-jupiter-api/5.11.0/junit-jupiter-api-5.11.0.jar
2024-09-16 11:43:55,448 [AetherRepositoryConnector-repo.maven.apache.org-0-2] INFO  o.e.m.c.i.e.AbstractTransferListenerAdapter - Downloading https://repo.maven.apache.org/maven2/org/junit/platform/junit-platform-commons/1.11.0/junit-platform-commons-1.11.0.jar
2024-09-16 11:43:55,448 [AetherRepositoryConnector-repo.maven.apache.org-0-1] INFO  o.e.m.c.i.e.AbstractTransferListenerAdapter - Downloading https://repo.maven.apache.org/maven2/org/opentest4j/opentest4j/1.3.0/opentest4j-1.3.0.jar
2024-09-16 11:43:55,448 [AetherRepositoryConnector-repo.maven.apache.org-0-3] INFO  o.e.m.c.i.e.AbstractTransferListenerAdapter - Downloading https://repo.maven.apache.org/maven2/org/junit/jupiter/junit-jupiter-params/5.11.0/junit-jupiter-params-5.11.0.jar
2024-09-16 11:43:55,541 [AetherRepositoryConnector-repo.maven.apache.org-0-0] INFO  o.e.m.c.i.e.AbstractTransferListenerAdapter - Downloaded https://repo.maven.apache.org/maven2/org/junit/jupiter/junit-jupiter-api/5.11.0/junit-jupiter-api-5.11.0.jar
2024-09-16 11:43:55,541 [AetherRepositoryConnector-repo.maven.apache.org-0-2] INFO  o.e.m.c.i.e.AbstractTransferListenerAdapter - Downloaded https://repo.maven.apache.org/maven2/org/junit/platform/junit-platform-commons/1.11.0/junit-platform-commons-1.11.0.jar
2024-09-16 11:43:55,630 [AetherRepositoryConnector-repo.maven.apache.org-0-3] INFO  o.e.m.c.i.e.AbstractTransferListenerAdapter - Downloaded https://repo.maven.apache.org/maven2/org/junit/jupiter/junit-jupiter-params/5.11.0/junit-jupiter-params-5.11.0.jar
2024-09-16 11:43:55,743 [AetherRepositoryConnector-repo.maven.apache.org-0-1] INFO  o.e.m.c.i.e.AbstractTransferListenerAdapter - Downloaded https://repo.maven.apache.org/maven2/org/opentest4j/opentest4j/1.3.0/opentest4j-1.3.0.jar
2024-09-16 11:43:55,929 [Worker-21: Creating maven-archetype-quickstart] INFO  o.e.m.c.i.e.AbstractTransferListenerAdapter - Downloading https://repo.maven.apache.org/maven2/org/apache/maven/plugins/maven-surefire-plugin/3.3.0/maven-surefire-plugin-3.3.0.pom
2024-09-16 11:43:55,972 [Worker-21: Creating maven-archetype-quickstart] INFO  o.e.m.c.i.e.AbstractTransferListenerAdapter - Downloaded https://repo.maven.apache.org/maven2/org/apache/maven/plugins/maven-surefire-plugin/3.3.0/maven-surefire-plugin-3.3.0.pom
2024-09-16 11:43:56,055 [Worker-21: Creating maven-archetype-quickstart] INFO  o.e.m.c.i.e.AbstractTransferListenerAdapter - Downloading https://repo.maven.apache.org/maven2/org/apache/maven/surefire/surefire/3.3.0/surefire-3.3.0.pom
2024-09-16 11:43:56,108 [Worker-21: Creating maven-archetype-quickstart] INFO  o.e.m.c.i.e.AbstractTransferListenerAdapter - Downloaded https://repo.maven.apache.org/maven2/org/apache/maven/surefire/surefire/3.3.0/surefire-3.3.0.pom
2024-09-16 11:43:56,272 [Worker-21: Creating maven-archetype-quickstart] INFO  o.e.m.c.i.e.AbstractTransferListenerAdapter - Downloading https://repo.maven.apache.org/maven2/org/apache/maven/plugins/maven-jar-plugin/3.4.2/maven-jar-plugin-3.4.2.pom
2024-09-16 11:43:56,312 [Worker-21: Creating maven-archetype-quickstart] INFO  o.e.m.c.i.e.AbstractTransferListenerAdapter - Downloaded https://repo.maven.apache.org/maven2/org/apache/maven/plugins/maven-jar-plugin/3.4.2/maven-jar-plugin-3.4.2.pom
2024-09-16 11:44:00,409 [Worker-27: Download sources and javadoc] INFO  o.e.m.c.i.e.AbstractTransferListenerAdapter - Downloading https://repo.maven.apache.org/maven2/org/junit/jupiter/junit-jupiter-api/5.11.0/junit-jupiter-api-5.11.0-sources.jar
2024-09-16 11:44:00,524 [Worker-21: Creating maven-archetype-quickstart] INFO  o.e.m.j.i.AbstractJavaProjectConfigurator - Adding source folder /SeleniumFrameworkDesign/src/main/java
2024-09-16 11:44:00,533 [Worker-21: Creating maven-archetype-quickstart] INFO  o.e.m.j.i.AbstractJavaProjectConfigurator - Adding source folder /SeleniumFrameworkDesign/src/test/java
2024-09-16 11:44:00,549 [Worker-27: Download sources and javadoc] INFO  o.e.m.c.i.e.AbstractTransferListenerAdapter - Downloaded https://repo.maven.apache.org/maven2/org/junit/jupiter/junit-jupiter-api/5.11.0/junit-jupiter-api-5.11.0-sources.jar
2024-09-16 11:44:00,552 [Worker-27: Download sources and javadoc] INFO  o.e.m.j.internal.DownloadSourcesJob - Downloaded sources for org.junit.jupiter:junit-jupiter-api:5.11.0
2024-09-16 11:44:00,624 [Worker-27: Download sources and javadoc] INFO  o.e.m.c.i.e.AbstractTransferListenerAdapter - Downloading https://repo.maven.apache.org/maven2/org/opentest4j/opentest4j/1.3.0/opentest4j-1.3.0-sources.jar
2024-09-16 11:44:01,462 [Worker-27: Download sources and javadoc] INFO  o.e.m.c.i.e.AbstractTransferListenerAdapter - Downloaded https://repo.maven.apache.org/maven2/org/opentest4j/opentest4j/1.3.0/opentest4j-1.3.0-sources.jar
2024-09-16 11:44:01,464 [Worker-27: Download sources and javadoc] INFO  o.e.m.j.internal.DownloadSourcesJob - Downloaded sources for org.opentest4j:opentest4j:1.3.0
2024-09-16 11:44:01,543 [Worker-27: Download sources and javadoc] INFO  o.e.m.c.i.e.AbstractTransferListenerAdapter - Downloading https://repo.maven.apache.org/maven2/org/junit/platform/junit-platform-commons/1.11.0/junit-platform-commons-1.11.0-sources.jar
2024-09-16 11:44:01,605 [Worker-27: Download sources and javadoc] INFO  o.e.m.c.i.e.AbstractTransferListenerAdapter - Downloaded https://repo.maven.apache.org/maven2/org/junit/platform/junit-platform-commons/1.11.0/junit-platform-commons-1.11.0-sources.jar
2024-09-16 11:44:01,608 [Worker-27: Download sources and javadoc] INFO  o.e.m.j.internal.DownloadSourcesJob - Downloaded sources for org.junit.platform:junit-platform-commons:1.11.0
2024-09-16 11:44:01,686 [Worker-27: Download sources and javadoc] INFO  o.e.m.c.i.e.AbstractTransferListenerAdapter - Downloading https://repo.maven.apache.org/maven2/org/junit/jupiter/junit-jupiter-params/5.11.0/junit-jupiter-params-5.11.0-sources.jar
2024-09-16 11:44:01,757 [Worker-27: Download sources and javadoc] INFO  o.e.m.c.i.e.AbstractTransferListenerAdapter - Downloaded https://repo.maven.apache.org/maven2/org/junit/jupiter/junit-jupiter-params/5.11.0/junit-jupiter-params-5.11.0-sources.jar
2024-09-16 11:44:01,760 [Worker-27: Download sources and javadoc] INFO  o.e.m.j.internal.DownloadSourcesJob - Downloaded sources for org.junit.jupiter:junit-jupiter-params:5.11.0
2024-09-16 11:44:02,154 [Worker-21: Creating maven-archetype-quickstart] INFO  o.e.m.c.i.p.ProjectConfigurationManager - Imported and configured 1 project(s) in 16 sec
2024-09-16 11:44:02,472 [Worker-27: Updating Maven Project] INFO  o.e.m.c.i.p.ProjectConfigurationManager - Update started
2024-09-16 11:44:02,586 [Worker-27: Updating Maven Project] INFO  o.e.m.c.i.l.LifecycleMappingFactory - Using org.eclipse.m2e.jdt.JarLifecycleMapping lifecycle mapping for MavenProject: rahulshettyacademy:SeleniumFrameworkDesign:0.0.1-SNAPSHOT @ C:\Users\intel\eclipse-workspace3\TestNGTutorial\SeleniumFrameworkDesign\pom.xml.
2024-09-16 11:44:02,695 [Worker-27: Updating Maven Project] INFO  o.e.m.j.i.AbstractJavaProjectConfigurator - Adding source folder /SeleniumFrameworkDesign/src/main/java
2024-09-16 11:44:02,696 [Worker-27: Updating Maven Project] INFO  o.e.m.j.i.AbstractJavaProjectConfigurator - Adding source folder /SeleniumFrameworkDesign/src/test/java
2024-09-16 11:44:03,677 [Worker-27: Updating Maven Project] INFO  o.e.m.c.i.p.ProjectConfigurationManager - Update completed for 1 poms: local refresh takes 0.00 sec, refresh facades takes 0.00 sec, update config takes 0.00 sec 
2024-09-16 11:44:04,516 [Worker-27: Building] INFO  o.a.m.s.f.DefaultMavenResourcesFiltering - skip non existing resourceDirectory C:\Users\intel\eclipse-workspace3\TestNGTutorial\SeleniumFrameworkDesign\src\main\resources
2024-09-16 11:44:04,522 [Worker-27: Building] INFO  o.a.m.s.f.DefaultMavenResourcesFiltering - skip non existing resourceDirectory C:\Users\intel\eclipse-workspace3\TestNGTutorial\SeleniumFrameworkDesign\src\test\resources
2024-09-16 11:46:43,261 [Worker-25: Updating Maven Project] INFO  o.e.m.c.i.p.ProjectConfigurationManager - Update started
2024-09-16 11:46:43,377 [Worker-25: Updating Maven Project] INFO  o.e.m.c.i.l.LifecycleMappingFactory - Using org.eclipse.m2e.jdt.JarLifecycleMapping lifecycle mapping for MavenProject: rahulshettyacademy:SeleniumFrameworkDesign:0.0.1-SNAPSHOT @ C:\Users\intel\eclipse-workspace3\TestNGTutorial\SeleniumFrameworkDesign\pom.xml.
2024-09-16 11:46:43,537 [Worker-25: Updating Maven Project] INFO  o.e.m.j.i.AbstractJavaProjectConfigurator - Adding source folder /SeleniumFrameworkDesign/src/main/java
2024-09-16 11:46:43,537 [Worker-25: Updating Maven Project] INFO  o.e.m.j.i.AbstractJavaProjectConfigurator - Adding source folder /SeleniumFrameworkDesign/src/test/java
2024-09-16 11:46:43,628 [Worker-25: Updating Maven Project] INFO  o.e.m.c.i.p.ProjectConfigurationManager - Update completed for 1 poms: local refresh takes 0.00 sec, refresh facades takes 0.00 sec, update config takes 0.00 sec 
2024-09-16 11:46:44,251 [Worker-31: Building] INFO  o.a.m.s.f.DefaultMavenResourcesFiltering - skip non existing resourceDirectory C:\Users\intel\eclipse-workspace3\TestNGTutorial\SeleniumFrameworkDesign\src\main\resources
2024-09-16 11:46:44,254 [Worker-31: Building] INFO  o.a.m.s.f.DefaultMavenResourcesFiltering - skip non existing resourceDirectory C:\Users\intel\eclipse-workspace3\TestNGTutorial\SeleniumFrameworkDesign\src\test\resources
